<?xml version="1.0" encoding="UTF-8"?>
<testsuite name="ch.hsr.testing.unittest.weekenddiscount.WeekendDiscountTimeSlotValidatorTest" tests="152" skipped="0" failures="0" errors="0" timestamp="2020-10-13T08:02:01" hostname="remo-Prestige-15-A10SC" time="0.233">
  <properties/>
  <testcase name="testForFirstBrokenWeekendsOfMonthReturnFalse(LocalDateTime)[1]" classname="ch.hsr.testing.unittest.weekenddiscount.WeekendDiscountTimeSlotValidatorTest" time="0.019"/>
  <testcase name="testForFirstBrokenWeekendsOfMonthReturnFalse(LocalDateTime)[2]" classname="ch.hsr.testing.unittest.weekenddiscount.WeekendDiscountTimeSlotValidatorTest" time="0.0"/>
  <testcase name="testForSecondWeekendsOfMonth(LocalDateTime)[1]" classname="ch.hsr.testing.unittest.weekenddiscount.WeekendDiscountTimeSlotValidatorTest" time="0.001"/>
  <testcase name="testForSecondWeekendsOfMonth(LocalDateTime)[2]" classname="ch.hsr.testing.unittest.weekenddiscount.WeekendDiscountTimeSlotValidatorTest" time="0.0"/>
  <testcase name="testForSecondWeekendsOfMonth(LocalDateTime)[3]" classname="ch.hsr.testing.unittest.weekenddiscount.WeekendDiscountTimeSlotValidatorTest" time="0.001"/>
  <testcase name="testForSecondWeekendsOfMonth(LocalDateTime)[4]" classname="ch.hsr.testing.unittest.weekenddiscount.WeekendDiscountTimeSlotValidatorTest" time="0.001"/>
  <testcase name="testForSecondWeekendsOfMonth(LocalDateTime)[5]" classname="ch.hsr.testing.unittest.weekenddiscount.WeekendDiscountTimeSlotValidatorTest" time="0.0"/>
  <testcase name="testForSecondWeekendsOfMonth(LocalDateTime)[6]" classname="ch.hsr.testing.unittest.weekenddiscount.WeekendDiscountTimeSlotValidatorTest" time="0.0"/>
  <testcase name="testForSecondWeekendsOfMonth(LocalDateTime)[7]" classname="ch.hsr.testing.unittest.weekenddiscount.WeekendDiscountTimeSlotValidatorTest" time="0.0"/>
  <testcase name="testForSecondWeekendsOfMonth(LocalDateTime)[8]" classname="ch.hsr.testing.unittest.weekenddiscount.WeekendDiscountTimeSlotValidatorTest" time="0.001"/>
  <testcase name="testForSecondWeekendsOfMonth(LocalDateTime)[9]" classname="ch.hsr.testing.unittest.weekenddiscount.WeekendDiscountTimeSlotValidatorTest" time="0.001"/>
  <testcase name="testForSecondWeekendsOfMonth(LocalDateTime)[10]" classname="ch.hsr.testing.unittest.weekenddiscount.WeekendDiscountTimeSlotValidatorTest" time="0.001"/>
  <testcase name="testForSecondWeekendsOfMonth(LocalDateTime)[11]" classname="ch.hsr.testing.unittest.weekenddiscount.WeekendDiscountTimeSlotValidatorTest" time="0.0"/>
  <testcase name="testForSecondWeekendsOfMonth(LocalDateTime)[12]" classname="ch.hsr.testing.unittest.weekenddiscount.WeekendDiscountTimeSlotValidatorTest" time="0.0"/>
  <testcase name="testForSecondWeekendsOfMonth(LocalDateTime)[13]" classname="ch.hsr.testing.unittest.weekenddiscount.WeekendDiscountTimeSlotValidatorTest" time="0.002"/>
  <testcase name="testForSecondWeekendsOfMonth(LocalDateTime)[14]" classname="ch.hsr.testing.unittest.weekenddiscount.WeekendDiscountTimeSlotValidatorTest" time="0.001"/>
  <testcase name="testForSecondWeekendsOfMonth(LocalDateTime)[15]" classname="ch.hsr.testing.unittest.weekenddiscount.WeekendDiscountTimeSlotValidatorTest" time="0.001"/>
  <testcase name="testForSecondWeekendsOfMonth(LocalDateTime)[16]" classname="ch.hsr.testing.unittest.weekenddiscount.WeekendDiscountTimeSlotValidatorTest" time="0.001"/>
  <testcase name="testForSecondWeekendsOfMonth(LocalDateTime)[17]" classname="ch.hsr.testing.unittest.weekenddiscount.WeekendDiscountTimeSlotValidatorTest" time="0.001"/>
  <testcase name="testForSecondWeekendsOfMonth(LocalDateTime)[18]" classname="ch.hsr.testing.unittest.weekenddiscount.WeekendDiscountTimeSlotValidatorTest" time="0.0"/>
  <testcase name="testForSecondWeekendsOfMonth(LocalDateTime)[19]" classname="ch.hsr.testing.unittest.weekenddiscount.WeekendDiscountTimeSlotValidatorTest" time="0.001"/>
  <testcase name="testForSecondWeekendsOfMonth(LocalDateTime)[20]" classname="ch.hsr.testing.unittest.weekenddiscount.WeekendDiscountTimeSlotValidatorTest" time="0.0"/>
  <testcase name="testForSecondWeekendsOfMonth(LocalDateTime)[21]" classname="ch.hsr.testing.unittest.weekenddiscount.WeekendDiscountTimeSlotValidatorTest" time="0.001"/>
  <testcase name="testForSecondWeekendsOfMonth(LocalDateTime)[22]" classname="ch.hsr.testing.unittest.weekenddiscount.WeekendDiscountTimeSlotValidatorTest" time="0.001"/>
  <testcase name="testForSecondWeekendsOfMonth(LocalDateTime)[23]" classname="ch.hsr.testing.unittest.weekenddiscount.WeekendDiscountTimeSlotValidatorTest" time="0.0"/>
  <testcase name="testForSecondWeekendsOfMonth(LocalDateTime)[24]" classname="ch.hsr.testing.unittest.weekenddiscount.WeekendDiscountTimeSlotValidatorTest" time="0.001"/>
  <testcase name="testForFifthWeekendsOfMonth(LocalDateTime)[1]" classname="ch.hsr.testing.unittest.weekenddiscount.WeekendDiscountTimeSlotValidatorTest" time="0.001"/>
  <testcase name="testForFifthWeekendsOfMonth(LocalDateTime)[2]" classname="ch.hsr.testing.unittest.weekenddiscount.WeekendDiscountTimeSlotValidatorTest" time="0.0"/>
  <testcase name="testForFifthWeekendsOfMonth(LocalDateTime)[3]" classname="ch.hsr.testing.unittest.weekenddiscount.WeekendDiscountTimeSlotValidatorTest" time="0.001"/>
  <testcase name="testForFifthWeekendsOfMonth(LocalDateTime)[4]" classname="ch.hsr.testing.unittest.weekenddiscount.WeekendDiscountTimeSlotValidatorTest" time="0.0"/>
  <testcase name="testForThirdWeekendsOfMonth(LocalDateTime)[1]" classname="ch.hsr.testing.unittest.weekenddiscount.WeekendDiscountTimeSlotValidatorTest" time="0.001"/>
  <testcase name="testForThirdWeekendsOfMonth(LocalDateTime)[2]" classname="ch.hsr.testing.unittest.weekenddiscount.WeekendDiscountTimeSlotValidatorTest" time="0.001"/>
  <testcase name="testForThirdWeekendsOfMonth(LocalDateTime)[3]" classname="ch.hsr.testing.unittest.weekenddiscount.WeekendDiscountTimeSlotValidatorTest" time="0.001"/>
  <testcase name="testForThirdWeekendsOfMonth(LocalDateTime)[4]" classname="ch.hsr.testing.unittest.weekenddiscount.WeekendDiscountTimeSlotValidatorTest" time="0.001"/>
  <testcase name="testForThirdWeekendsOfMonth(LocalDateTime)[5]" classname="ch.hsr.testing.unittest.weekenddiscount.WeekendDiscountTimeSlotValidatorTest" time="0.001"/>
  <testcase name="testForThirdWeekendsOfMonth(LocalDateTime)[6]" classname="ch.hsr.testing.unittest.weekenddiscount.WeekendDiscountTimeSlotValidatorTest" time="0.0"/>
  <testcase name="testForThirdWeekendsOfMonth(LocalDateTime)[7]" classname="ch.hsr.testing.unittest.weekenddiscount.WeekendDiscountTimeSlotValidatorTest" time="0.001"/>
  <testcase name="testForThirdWeekendsOfMonth(LocalDateTime)[8]" classname="ch.hsr.testing.unittest.weekenddiscount.WeekendDiscountTimeSlotValidatorTest" time="0.001"/>
  <testcase name="testForThirdWeekendsOfMonth(LocalDateTime)[9]" classname="ch.hsr.testing.unittest.weekenddiscount.WeekendDiscountTimeSlotValidatorTest" time="0.0"/>
  <testcase name="testForThirdWeekendsOfMonth(LocalDateTime)[10]" classname="ch.hsr.testing.unittest.weekenddiscount.WeekendDiscountTimeSlotValidatorTest" time="0.0"/>
  <testcase name="testForThirdWeekendsOfMonth(LocalDateTime)[11]" classname="ch.hsr.testing.unittest.weekenddiscount.WeekendDiscountTimeSlotValidatorTest" time="0.001"/>
  <testcase name="testForThirdWeekendsOfMonth(LocalDateTime)[12]" classname="ch.hsr.testing.unittest.weekenddiscount.WeekendDiscountTimeSlotValidatorTest" time="0.0"/>
  <testcase name="testForThirdWeekendsOfMonth(LocalDateTime)[13]" classname="ch.hsr.testing.unittest.weekenddiscount.WeekendDiscountTimeSlotValidatorTest" time="0.001"/>
  <testcase name="testForThirdWeekendsOfMonth(LocalDateTime)[14]" classname="ch.hsr.testing.unittest.weekenddiscount.WeekendDiscountTimeSlotValidatorTest" time="0.0"/>
  <testcase name="testForThirdWeekendsOfMonth(LocalDateTime)[15]" classname="ch.hsr.testing.unittest.weekenddiscount.WeekendDiscountTimeSlotValidatorTest" time="0.0"/>
  <testcase name="testForThirdWeekendsOfMonth(LocalDateTime)[16]" classname="ch.hsr.testing.unittest.weekenddiscount.WeekendDiscountTimeSlotValidatorTest" time="0.001"/>
  <testcase name="testForThirdWeekendsOfMonth(LocalDateTime)[17]" classname="ch.hsr.testing.unittest.weekenddiscount.WeekendDiscountTimeSlotValidatorTest" time="0.0"/>
  <testcase name="testForThirdWeekendsOfMonth(LocalDateTime)[18]" classname="ch.hsr.testing.unittest.weekenddiscount.WeekendDiscountTimeSlotValidatorTest" time="0.001"/>
  <testcase name="testForThirdWeekendsOfMonth(LocalDateTime)[19]" classname="ch.hsr.testing.unittest.weekenddiscount.WeekendDiscountTimeSlotValidatorTest" time="0.0"/>
  <testcase name="testForThirdWeekendsOfMonth(LocalDateTime)[20]" classname="ch.hsr.testing.unittest.weekenddiscount.WeekendDiscountTimeSlotValidatorTest" time="0.001"/>
  <testcase name="testForThirdWeekendsOfMonth(LocalDateTime)[21]" classname="ch.hsr.testing.unittest.weekenddiscount.WeekendDiscountTimeSlotValidatorTest" time="0.0"/>
  <testcase name="testForThirdWeekendsOfMonth(LocalDateTime)[22]" classname="ch.hsr.testing.unittest.weekenddiscount.WeekendDiscountTimeSlotValidatorTest" time="0.001"/>
  <testcase name="testForThirdWeekendsOfMonth(LocalDateTime)[23]" classname="ch.hsr.testing.unittest.weekenddiscount.WeekendDiscountTimeSlotValidatorTest" time="0.0"/>
  <testcase name="testForThirdWeekendsOfMonth(LocalDateTime)[24]" classname="ch.hsr.testing.unittest.weekenddiscount.WeekendDiscountTimeSlotValidatorTest" time="0.001"/>
  <testcase name="testIsElligibleForDecember2020ThirdWeek(LocalDateTime, boolean)[1]" classname="ch.hsr.testing.unittest.weekenddiscount.WeekendDiscountTimeSlotValidatorTest" time="0.001"/>
  <testcase name="testIsElligibleForDecember2020ThirdWeek(LocalDateTime, boolean)[2]" classname="ch.hsr.testing.unittest.weekenddiscount.WeekendDiscountTimeSlotValidatorTest" time="0.001"/>
  <testcase name="testIsElligibleForDecember2020ThirdWeek(LocalDateTime, boolean)[3]" classname="ch.hsr.testing.unittest.weekenddiscount.WeekendDiscountTimeSlotValidatorTest" time="0.0"/>
  <testcase name="testIsElligibleForDecember2020ThirdWeek(LocalDateTime, boolean)[4]" classname="ch.hsr.testing.unittest.weekenddiscount.WeekendDiscountTimeSlotValidatorTest" time="0.0"/>
  <testcase name="testIsElligibleForDecember2020ThirdWeek(LocalDateTime, boolean)[5]" classname="ch.hsr.testing.unittest.weekenddiscount.WeekendDiscountTimeSlotValidatorTest" time="0.0"/>
  <testcase name="testIsElligibleForDecember2020ThirdWeek(LocalDateTime, boolean)[6]" classname="ch.hsr.testing.unittest.weekenddiscount.WeekendDiscountTimeSlotValidatorTest" time="0.001"/>
  <testcase name="testIsElligibleForDecember2020ThirdWeek(LocalDateTime, boolean)[7]" classname="ch.hsr.testing.unittest.weekenddiscount.WeekendDiscountTimeSlotValidatorTest" time="0.0"/>
  <testcase name="testIsElligibleForDecember2020ThirdWeek(LocalDateTime, boolean)[8]" classname="ch.hsr.testing.unittest.weekenddiscount.WeekendDiscountTimeSlotValidatorTest" time="0.001"/>
  <testcase name="testIsElligibleForDecember2020ThirdWeek(LocalDateTime, boolean)[9]" classname="ch.hsr.testing.unittest.weekenddiscount.WeekendDiscountTimeSlotValidatorTest" time="0.001"/>
  <testcase name="testIsElligibleForDecember2020ThirdWeek(LocalDateTime, boolean)[10]" classname="ch.hsr.testing.unittest.weekenddiscount.WeekendDiscountTimeSlotValidatorTest" time="0.001"/>
  <testcase name="testIsElligibleForDecember2020ThirdWeek(LocalDateTime, boolean)[11]" classname="ch.hsr.testing.unittest.weekenddiscount.WeekendDiscountTimeSlotValidatorTest" time="0.0"/>
  <testcase name="testIsElligibleForDecember2020ThirdWeek(LocalDateTime, boolean)[12]" classname="ch.hsr.testing.unittest.weekenddiscount.WeekendDiscountTimeSlotValidatorTest" time="0.001"/>
  <testcase name="testIsElligibleForDecember2020ThirdWeek(LocalDateTime, boolean)[13]" classname="ch.hsr.testing.unittest.weekenddiscount.WeekendDiscountTimeSlotValidatorTest" time="0.001"/>
  <testcase name="testIsElligibleForDecember2020ThirdWeek(LocalDateTime, boolean)[14]" classname="ch.hsr.testing.unittest.weekenddiscount.WeekendDiscountTimeSlotValidatorTest" time="0.0"/>
  <testcase name="testIsElligibleForDecember2020ThirdWeek(LocalDateTime, boolean)[15]" classname="ch.hsr.testing.unittest.weekenddiscount.WeekendDiscountTimeSlotValidatorTest" time="0.0"/>
  <testcase name="testIsElligibleForDecember2020ThirdWeek(LocalDateTime, boolean)[16]" classname="ch.hsr.testing.unittest.weekenddiscount.WeekendDiscountTimeSlotValidatorTest" time="0.0"/>
  <testcase name="testIsElligibleForDecember2020ThirdWeek(LocalDateTime, boolean)[17]" classname="ch.hsr.testing.unittest.weekenddiscount.WeekendDiscountTimeSlotValidatorTest" time="0.001"/>
  <testcase name="testIsElligibleForDecember2020ThirdWeek(LocalDateTime, boolean)[18]" classname="ch.hsr.testing.unittest.weekenddiscount.WeekendDiscountTimeSlotValidatorTest" time="0.0"/>
  <testcase name="testIsElligibleForDecember2020ThirdWeek(LocalDateTime, boolean)[19]" classname="ch.hsr.testing.unittest.weekenddiscount.WeekendDiscountTimeSlotValidatorTest" time="0.001"/>
  <testcase name="testIsElligibleForDecember2020ThirdWeek(LocalDateTime, boolean)[20]" classname="ch.hsr.testing.unittest.weekenddiscount.WeekendDiscountTimeSlotValidatorTest" time="0.0"/>
  <testcase name="testIsElligibleForDecember2020ThirdWeek(LocalDateTime, boolean)[21]" classname="ch.hsr.testing.unittest.weekenddiscount.WeekendDiscountTimeSlotValidatorTest" time="0.001"/>
  <testcase name="testIsElligibleForDecember2020ThirdWeek(LocalDateTime, boolean)[22]" classname="ch.hsr.testing.unittest.weekenddiscount.WeekendDiscountTimeSlotValidatorTest" time="0.0"/>
  <testcase name="testIsElligibleForDecember2020ThirdWeek(LocalDateTime, boolean)[23]" classname="ch.hsr.testing.unittest.weekenddiscount.WeekendDiscountTimeSlotValidatorTest" time="0.001"/>
  <testcase name="testIsElligibleForDecember2020ThirdWeek(LocalDateTime, boolean)[24]" classname="ch.hsr.testing.unittest.weekenddiscount.WeekendDiscountTimeSlotValidatorTest" time="0.001"/>
  <testcase name="testIsElligibleForDecember2020ThirdWeek(LocalDateTime, boolean)[25]" classname="ch.hsr.testing.unittest.weekenddiscount.WeekendDiscountTimeSlotValidatorTest" time="0.001"/>
  <testcase name="testIsElligibleForDecember2020ThirdWeek(LocalDateTime, boolean)[26]" classname="ch.hsr.testing.unittest.weekenddiscount.WeekendDiscountTimeSlotValidatorTest" time="0.0"/>
  <testcase name="testIsElligibleForDecember2020ThirdWeek(LocalDateTime, boolean)[27]" classname="ch.hsr.testing.unittest.weekenddiscount.WeekendDiscountTimeSlotValidatorTest" time="0.0"/>
  <testcase name="testIsElligibleForDecember2020ThirdWeek(LocalDateTime, boolean)[28]" classname="ch.hsr.testing.unittest.weekenddiscount.WeekendDiscountTimeSlotValidatorTest" time="0.0"/>
  <testcase name="testIsElligibleForDecember2020ThirdWeek(LocalDateTime, boolean)[29]" classname="ch.hsr.testing.unittest.weekenddiscount.WeekendDiscountTimeSlotValidatorTest" time="0.001"/>
  <testcase name="testIsElligibleForDecember2020ThirdWeek(LocalDateTime, boolean)[30]" classname="ch.hsr.testing.unittest.weekenddiscount.WeekendDiscountTimeSlotValidatorTest" time="0.0"/>
  <testcase name="testIsElligibleForDecember2020ThirdWeek(LocalDateTime, boolean)[31]" classname="ch.hsr.testing.unittest.weekenddiscount.WeekendDiscountTimeSlotValidatorTest" time="0.001"/>
  <testcase name="testForFourthWeekendsOfMonth(LocalDateTime)[1]" classname="ch.hsr.testing.unittest.weekenddiscount.WeekendDiscountTimeSlotValidatorTest" time="0.0"/>
  <testcase name="testForFourthWeekendsOfMonth(LocalDateTime)[2]" classname="ch.hsr.testing.unittest.weekenddiscount.WeekendDiscountTimeSlotValidatorTest" time="0.0"/>
  <testcase name="testForFourthWeekendsOfMonth(LocalDateTime)[3]" classname="ch.hsr.testing.unittest.weekenddiscount.WeekendDiscountTimeSlotValidatorTest" time="0.0"/>
  <testcase name="testForFourthWeekendsOfMonth(LocalDateTime)[4]" classname="ch.hsr.testing.unittest.weekenddiscount.WeekendDiscountTimeSlotValidatorTest" time="0.0"/>
  <testcase name="testForFourthWeekendsOfMonth(LocalDateTime)[5]" classname="ch.hsr.testing.unittest.weekenddiscount.WeekendDiscountTimeSlotValidatorTest" time="0.001"/>
  <testcase name="testForFourthWeekendsOfMonth(LocalDateTime)[6]" classname="ch.hsr.testing.unittest.weekenddiscount.WeekendDiscountTimeSlotValidatorTest" time="0.0"/>
  <testcase name="testForFourthWeekendsOfMonth(LocalDateTime)[7]" classname="ch.hsr.testing.unittest.weekenddiscount.WeekendDiscountTimeSlotValidatorTest" time="0.001"/>
  <testcase name="testForFourthWeekendsOfMonth(LocalDateTime)[8]" classname="ch.hsr.testing.unittest.weekenddiscount.WeekendDiscountTimeSlotValidatorTest" time="0.0"/>
  <testcase name="testForFourthWeekendsOfMonth(LocalDateTime)[9]" classname="ch.hsr.testing.unittest.weekenddiscount.WeekendDiscountTimeSlotValidatorTest" time="0.001"/>
  <testcase name="testForFourthWeekendsOfMonth(LocalDateTime)[10]" classname="ch.hsr.testing.unittest.weekenddiscount.WeekendDiscountTimeSlotValidatorTest" time="0.0"/>
  <testcase name="testForFourthWeekendsOfMonth(LocalDateTime)[11]" classname="ch.hsr.testing.unittest.weekenddiscount.WeekendDiscountTimeSlotValidatorTest" time="0.001"/>
  <testcase name="testForFourthWeekendsOfMonth(LocalDateTime)[12]" classname="ch.hsr.testing.unittest.weekenddiscount.WeekendDiscountTimeSlotValidatorTest" time="0.001"/>
  <testcase name="testForFourthWeekendsOfMonth(LocalDateTime)[13]" classname="ch.hsr.testing.unittest.weekenddiscount.WeekendDiscountTimeSlotValidatorTest" time="0.001"/>
  <testcase name="testForFourthWeekendsOfMonth(LocalDateTime)[14]" classname="ch.hsr.testing.unittest.weekenddiscount.WeekendDiscountTimeSlotValidatorTest" time="0.001"/>
  <testcase name="testForFourthWeekendsOfMonth(LocalDateTime)[15]" classname="ch.hsr.testing.unittest.weekenddiscount.WeekendDiscountTimeSlotValidatorTest" time="0.001"/>
  <testcase name="testForFourthWeekendsOfMonth(LocalDateTime)[16]" classname="ch.hsr.testing.unittest.weekenddiscount.WeekendDiscountTimeSlotValidatorTest" time="0.001"/>
  <testcase name="testForFourthWeekendsOfMonth(LocalDateTime)[17]" classname="ch.hsr.testing.unittest.weekenddiscount.WeekendDiscountTimeSlotValidatorTest" time="0.0"/>
  <testcase name="testForFourthWeekendsOfMonth(LocalDateTime)[18]" classname="ch.hsr.testing.unittest.weekenddiscount.WeekendDiscountTimeSlotValidatorTest" time="0.0"/>
  <testcase name="testForFourthWeekendsOfMonth(LocalDateTime)[19]" classname="ch.hsr.testing.unittest.weekenddiscount.WeekendDiscountTimeSlotValidatorTest" time="0.0"/>
  <testcase name="testForFourthWeekendsOfMonth(LocalDateTime)[20]" classname="ch.hsr.testing.unittest.weekenddiscount.WeekendDiscountTimeSlotValidatorTest" time="0.0"/>
  <testcase name="testForFourthWeekendsOfMonth(LocalDateTime)[21]" classname="ch.hsr.testing.unittest.weekenddiscount.WeekendDiscountTimeSlotValidatorTest" time="0.0"/>
  <testcase name="testForFourthWeekendsOfMonth(LocalDateTime)[22]" classname="ch.hsr.testing.unittest.weekenddiscount.WeekendDiscountTimeSlotValidatorTest" time="0.0"/>
  <testcase name="testForFourthWeekendsOfMonth(LocalDateTime)[23]" classname="ch.hsr.testing.unittest.weekenddiscount.WeekendDiscountTimeSlotValidatorTest" time="0.0"/>
  <testcase name="testForFourthWeekendsOfMonth(LocalDateTime)[24]" classname="ch.hsr.testing.unittest.weekenddiscount.WeekendDiscountTimeSlotValidatorTest" time="0.0"/>
  <testcase name="testNumberOfWeekendsCalculator(LocalDateTime, int)[1]" classname="ch.hsr.testing.unittest.weekenddiscount.WeekendDiscountTimeSlotValidatorTest" time="0.0"/>
  <testcase name="testNumberOfWeekendsCalculator(LocalDateTime, int)[2]" classname="ch.hsr.testing.unittest.weekenddiscount.WeekendDiscountTimeSlotValidatorTest" time="0.0"/>
  <testcase name="testNumberOfWeekendsCalculator(LocalDateTime, int)[3]" classname="ch.hsr.testing.unittest.weekenddiscount.WeekendDiscountTimeSlotValidatorTest" time="0.0"/>
  <testcase name="testNumberOfWeekendsCalculator(LocalDateTime, int)[4]" classname="ch.hsr.testing.unittest.weekenddiscount.WeekendDiscountTimeSlotValidatorTest" time="0.0"/>
  <testcase name="testNumberOfWeekendsCalculator(LocalDateTime, int)[5]" classname="ch.hsr.testing.unittest.weekenddiscount.WeekendDiscountTimeSlotValidatorTest" time="0.0"/>
  <testcase name="testNumberOfWeekendsCalculator(LocalDateTime, int)[6]" classname="ch.hsr.testing.unittest.weekenddiscount.WeekendDiscountTimeSlotValidatorTest" time="0.0"/>
  <testcase name="testNumberOfWeekendsCalculator(LocalDateTime, int)[7]" classname="ch.hsr.testing.unittest.weekenddiscount.WeekendDiscountTimeSlotValidatorTest" time="0.0"/>
  <testcase name="testNumberOfWeekendsCalculator(LocalDateTime, int)[8]" classname="ch.hsr.testing.unittest.weekenddiscount.WeekendDiscountTimeSlotValidatorTest" time="0.0"/>
  <testcase name="testNumberOfWeekendsCalculator(LocalDateTime, int)[9]" classname="ch.hsr.testing.unittest.weekenddiscount.WeekendDiscountTimeSlotValidatorTest" time="0.0"/>
  <testcase name="testNumberOfWeekendsCalculator(LocalDateTime, int)[10]" classname="ch.hsr.testing.unittest.weekenddiscount.WeekendDiscountTimeSlotValidatorTest" time="0.0"/>
  <testcase name="testNumberOfWeekendsCalculator(LocalDateTime, int)[11]" classname="ch.hsr.testing.unittest.weekenddiscount.WeekendDiscountTimeSlotValidatorTest" time="0.0"/>
  <testcase name="testNumberOfWeekendsCalculator(LocalDateTime, int)[12]" classname="ch.hsr.testing.unittest.weekenddiscount.WeekendDiscountTimeSlotValidatorTest" time="0.0"/>
  <testcase name="testIllegalWeekendExceptionThrows()" classname="ch.hsr.testing.unittest.weekenddiscount.WeekendDiscountTimeSlotValidatorTest" time="0.001"/>
  <testcase name="testForFirstWeekendsOfMonth(LocalDateTime)[1]" classname="ch.hsr.testing.unittest.weekenddiscount.WeekendDiscountTimeSlotValidatorTest" time="0.0"/>
  <testcase name="testForFirstWeekendsOfMonth(LocalDateTime)[2]" classname="ch.hsr.testing.unittest.weekenddiscount.WeekendDiscountTimeSlotValidatorTest" time="0.0"/>
  <testcase name="testForFirstWeekendsOfMonth(LocalDateTime)[3]" classname="ch.hsr.testing.unittest.weekenddiscount.WeekendDiscountTimeSlotValidatorTest" time="0.0"/>
  <testcase name="testForFirstWeekendsOfMonth(LocalDateTime)[4]" classname="ch.hsr.testing.unittest.weekenddiscount.WeekendDiscountTimeSlotValidatorTest" time="0.0"/>
  <testcase name="testForFirstWeekendsOfMonth(LocalDateTime)[5]" classname="ch.hsr.testing.unittest.weekenddiscount.WeekendDiscountTimeSlotValidatorTest" time="0.001"/>
  <testcase name="testForFirstWeekendsOfMonth(LocalDateTime)[6]" classname="ch.hsr.testing.unittest.weekenddiscount.WeekendDiscountTimeSlotValidatorTest" time="0.001"/>
  <testcase name="testForFirstWeekendsOfMonth(LocalDateTime)[7]" classname="ch.hsr.testing.unittest.weekenddiscount.WeekendDiscountTimeSlotValidatorTest" time="0.001"/>
  <testcase name="testForFirstWeekendsOfMonth(LocalDateTime)[8]" classname="ch.hsr.testing.unittest.weekenddiscount.WeekendDiscountTimeSlotValidatorTest" time="0.001"/>
  <testcase name="testForFirstWeekendsOfMonth(LocalDateTime)[9]" classname="ch.hsr.testing.unittest.weekenddiscount.WeekendDiscountTimeSlotValidatorTest" time="0.001"/>
  <testcase name="testForFirstWeekendsOfMonth(LocalDateTime)[10]" classname="ch.hsr.testing.unittest.weekenddiscount.WeekendDiscountTimeSlotValidatorTest" time="0.001"/>
  <testcase name="testForFirstWeekendsOfMonth(LocalDateTime)[11]" classname="ch.hsr.testing.unittest.weekenddiscount.WeekendDiscountTimeSlotValidatorTest" time="0.0"/>
  <testcase name="testForFirstWeekendsOfMonth(LocalDateTime)[12]" classname="ch.hsr.testing.unittest.weekenddiscount.WeekendDiscountTimeSlotValidatorTest" time="0.0"/>
  <testcase name="testForFirstWeekendsOfMonth(LocalDateTime)[13]" classname="ch.hsr.testing.unittest.weekenddiscount.WeekendDiscountTimeSlotValidatorTest" time="0.0"/>
  <testcase name="testForFirstWeekendsOfMonth(LocalDateTime)[14]" classname="ch.hsr.testing.unittest.weekenddiscount.WeekendDiscountTimeSlotValidatorTest" time="0.0"/>
  <testcase name="testForFirstWeekendsOfMonth(LocalDateTime)[15]" classname="ch.hsr.testing.unittest.weekenddiscount.WeekendDiscountTimeSlotValidatorTest" time="0.0"/>
  <testcase name="testForFirstWeekendsOfMonth(LocalDateTime)[16]" classname="ch.hsr.testing.unittest.weekenddiscount.WeekendDiscountTimeSlotValidatorTest" time="0.001"/>
  <testcase name="testForFirstWeekendsOfMonth(LocalDateTime)[17]" classname="ch.hsr.testing.unittest.weekenddiscount.WeekendDiscountTimeSlotValidatorTest" time="0.0"/>
  <testcase name="testForFirstWeekendsOfMonth(LocalDateTime)[18]" classname="ch.hsr.testing.unittest.weekenddiscount.WeekendDiscountTimeSlotValidatorTest" time="0.0"/>
  <testcase name="testForFirstWeekendsOfMonth(LocalDateTime)[19]" classname="ch.hsr.testing.unittest.weekenddiscount.WeekendDiscountTimeSlotValidatorTest" time="0.0"/>
  <testcase name="testForFirstWeekendsOfMonth(LocalDateTime)[20]" classname="ch.hsr.testing.unittest.weekenddiscount.WeekendDiscountTimeSlotValidatorTest" time="0.0"/>
  <testcase name="testForFirstWeekendsOfMonth(LocalDateTime)[21]" classname="ch.hsr.testing.unittest.weekenddiscount.WeekendDiscountTimeSlotValidatorTest" time="0.0"/>
  <testcase name="testForFirstWeekendsOfMonth(LocalDateTime)[22]" classname="ch.hsr.testing.unittest.weekenddiscount.WeekendDiscountTimeSlotValidatorTest" time="0.0"/>
  <testcase name="testForFirstWeekendsOfMonth(LocalDateTime)[23]" classname="ch.hsr.testing.unittest.weekenddiscount.WeekendDiscountTimeSlotValidatorTest" time="0.0"/>
  <testcase name="testForFirstWeekendsOfMonth(LocalDateTime)[24]" classname="ch.hsr.testing.unittest.weekenddiscount.WeekendDiscountTimeSlotValidatorTest" time="0.0"/>
  <testcase name="testForWeekdaysInMonthReturnsFalse(LocalDateTime)[1]" classname="ch.hsr.testing.unittest.weekenddiscount.WeekendDiscountTimeSlotValidatorTest" time="0.0"/>
  <testcase name="testForWeekdaysInMonthReturnsFalse(LocalDateTime)[2]" classname="ch.hsr.testing.unittest.weekenddiscount.WeekendDiscountTimeSlotValidatorTest" time="0.001"/>
  <testcase name="testForWeekdaysInMonthReturnsFalse(LocalDateTime)[3]" classname="ch.hsr.testing.unittest.weekenddiscount.WeekendDiscountTimeSlotValidatorTest" time="0.001"/>
  <testcase name="testForWeekdaysInMonthReturnsFalse(LocalDateTime)[4]" classname="ch.hsr.testing.unittest.weekenddiscount.WeekendDiscountTimeSlotValidatorTest" time="0.001"/>
  <testcase name="testForWeekdaysInMonthReturnsFalse(LocalDateTime)[5]" classname="ch.hsr.testing.unittest.weekenddiscount.WeekendDiscountTimeSlotValidatorTest" time="0.0"/>
  <testcase name="testForWeekdaysInMonthReturnsFalse(LocalDateTime)[6]" classname="ch.hsr.testing.unittest.weekenddiscount.WeekendDiscountTimeSlotValidatorTest" time="0.0"/>
  <system-out><![CDATA[]]></system-out>
  <system-err><![CDATA[]]></system-err>
</testsuite>
